SF:lib\features\data\external\adapters\i_http.dart
DA:27,2
LF:1
LH:1
end_of_record
SF:lib\features\data\external\apis\login_api.dart
DA:9,0
DA:14,0
DA:16,0
DA:17,0
LF:4
LH:0
end_of_record
SF:lib\features\domain\entites\credential.dart
DA:5,2
LF:1
LH:1
end_of_record
SF:lib\core\error\driver_exception.dart
DA:6,5
DA:7,10
LF:2
LH:2
end_of_record
SF:lib\features\data\external\drivers\connectivity_plus_driver.dart
DA:8,1
DA:13,1
DA:15,3
DA:16,1
DA:18,1
DA:24,2
LF:6
LH:6
end_of_record
SF:lib\features\data\external\drivers\dio_driver.dart
DA:9,1
DA:14,1
DA:17,1
DA:18,4
DA:20,1
DA:25,1
DA:28,5
DA:30,1
DA:35,1
DA:38,5
DA:40,1
DA:45,1
DA:48,5
DA:50,1
DA:54,1
DA:55,1
DA:56,1
DA:57,2
DA:58,2
LF:19
LH:19
end_of_record
SF:lib\features\data\external\drivers\geocoding_driver.dart
DA:8,1
DA:11,1
DA:13,3
DA:14,1
DA:15,3
DA:16,3
DA:17,3
DA:19,2
DA:25,0
DA:26,0
LF:10
LH:8
end_of_record
SF:lib\features\data\external\drivers\http_driver.dart
DA:9,1
DA:12,1
DA:15,5
DA:17,1
DA:22,1
DA:25,5
DA:27,1
DA:32,1
DA:38,1
DA:39,4
DA:42,1
DA:47,1
DA:53,1
DA:54,4
DA:56,1
DA:60,1
DA:61,1
DA:62,1
DA:63,1
DA:64,1
LF:20
LH:20
end_of_record
SF:lib\features\data\external\drivers\location_driver.dart
DA:9,1
DA:14,1
DA:16,3
DA:17,1
DA:18,1
DA:19,1
DA:22,1
DA:28,0
DA:29,0
LF:9
LH:7
end_of_record
SF:lib\features\data\external\adapters\i_location.dart
DA:9,1
LF:1
LH:1
end_of_record
SF:lib\core\error\api_exception.dart
DA:6,1
DA:7,1
DA:15,0
DA:16,0
DA:24,0
DA:25,0
LF:6
LH:2
end_of_record
SF:lib\core\error\failures.dart
DA:9,2
DA:11,0
DA:12,0
DA:18,1
DA:20,0
DA:21,0
LF:6
LH:2
end_of_record
SF:lib\features\data\models\credential_model.dart
DA:6,1
DA:9,1
DA:14,0
DA:15,0
DA:16,0
DA:17,0
DA:21,0
DA:22,0
DA:23,0
DA:24,0
DA:28,0
DA:30,0
DA:31,0
LF:13
LH:2
end_of_record
SF:lib\features\data\repository\login_repository.dart
DA:12,1
DA:17,1
DA:19,4
DA:20,1
DA:21,3
DA:23,2
LF:6
LH:6
end_of_record
SF:lib\core\params\params.dart
DA:7,1
DA:11,0
DA:12,0
DA:13,0
LF:4
LH:1
end_of_record
SF:lib\features\domain\use_cases\login\login_use_case.dart
DA:15,1
DA:19,1
DA:21,3
LF:3
LH:3
end_of_record
